<?xml version="1.0" encoding="UTF-8"?>
<!-- Generated by org.testng.reporters.JUnitReportReporter -->
<testsuite hostname="LIN51016948" failures="0" tests="3" name="com.cg.test.DataProviderExample" time="0.009" errors="0" timestamp="2022-05-17T14:32:52 IST" skipped="0">
  <testcase classname="com.cg.test.DataProviderExample" name="loginTest" time="0.001"/>
  <system-out/>
  <testcase classname="com.cg.test.DataProviderExample" name="loginTest" time="0.007"/>
  <system-out/>
  <testcase classname="com.cg.test.DataProviderExample" name="loginTest" time="0.001"/>
  <system-out/>
</testsuite> <!-- com.cg.test.DataProviderExample -->
