<?xml version="1.0" encoding="UTF-8"?>
<!-- Generated by org.testng.reporters.JUnitReportReporter -->
<testsuite hostname="LIN51016948" failures="0" tests="4" name="com.cg.test.TestProperties" time="0.007" errors="0" timestamp="2022-05-16T17:07:44 IST" skipped="0">
  <testcase classname="com.cg.test.TestProperties" name="googleLogoTest" time="0.004"/>
  <system-out/>
  <testcase classname="com.cg.test.TestProperties" name="googleTitleTest" time="0.001"/>
  <system-out/>
  <testcase classname="com.cg.test.TestProperties" name="test2" time="0.001"/>
  <system-out/>
  <testcase classname="com.cg.test.TestProperties" name="test1" time="0.001"/>
  <system-out/>
</testsuite> <!-- com.cg.test.TestProperties -->
