<?xml version="1.0" encoding="UTF-8"?>
<!-- Generated by org.testng.reporters.JUnitReportReporter -->
<testsuite hostname="LIN51016948" failures="0" tests="1" name="com.cg.test.AnotherTestClass" time="0.002" errors="0" timestamp="2022-05-16T17:07:44 IST" skipped="0">
  <testcase classname="com.cg.test.AnotherTestClass" name="login" time="0.002"/>
  <system-out/>
</testsuite> <!-- com.cg.test.AnotherTestClass -->
