<?xml version="1.0" encoding="UTF-8"?>
<!-- Generated by org.testng.reporters.JUnitReportReporter -->
<testsuite hostname="LIN51016948" failures="0" tests="2" name="com.cg.test.GoogleTest" time="0.003" errors="0" timestamp="2022-05-16T17:07:44 IST" skipped="0">
  <testcase classname="com.cg.test.GoogleTest" name="googleTitleTest" time="0.002"/>
  <system-out/>
  <testcase classname="com.cg.test.GoogleTest" name="googleLogoTest" time="0.001"/>
  <system-out/>
</testsuite> <!-- com.cg.test.GoogleTest -->
