<?xml version="1.0" encoding="UTF-8"?>
<!-- Generated by org.testng.reporters.JUnitReportReporter -->
<testsuite hostname="LIN51016948" failures="0" tests="3" name="com.cg.DataProviderExample" time="0.010" errors="0" timestamp="2022-05-18T10:50:10 IST" skipped="0">
  <testcase classname="com.cg.DataProviderExample" name="loginTest" time="0.002"/>
  <system-out/>
  <testcase classname="com.cg.DataProviderExample" name="loginTest" time="0.001"/>
  <system-out/>
  <testcase classname="com.cg.DataProviderExample" name="loginTest" time="0.007"/>
  <system-out/>
</testsuite> <!-- com.cg.DataProviderExample -->
