<?xml version="1.0" encoding="UTF-8"?>
<!-- Generated by org.testng.reporters.JUnitReportReporter -->
<testsuite hostname="LIN51016948" failures="0" tests="2" name="com.cg.test.GooglePageTest" time="6.625" errors="0" timestamp="2022-05-16T20:06:37 IST" skipped="0">
  <testcase classname="com.cg.test.GooglePageTest" name="googleLogoTest" time="3.724"/>
  <system-out/>
  <testcase classname="com.cg.test.GooglePageTest" name="googleTitleTest" time="2.901"/>
  <system-out/>
</testsuite> <!-- com.cg.test.GooglePageTest -->
