<?xml version="1.0" encoding="UTF-8"?>
<!-- Generated by org.testng.reporters.JUnitReportReporter -->
<testsuite hostname="LIN51016948" failures="0" tests="5" name="com.cg.DataProviderAssignment" time="33.762" errors="0" timestamp="2022-05-18T14:56:05 IST" skipped="0">
  <testcase classname="com.cg.DataProviderAssignment" name="fillForm" time="8.981"/>
  <system-out/>
  <testcase classname="com.cg.DataProviderAssignment" name="fillForm" time="7.031"/>
  <system-out/>
  <testcase classname="com.cg.DataProviderAssignment" name="fillForm" time="5.905"/>
  <system-out/>
  <testcase classname="com.cg.DataProviderAssignment" name="fillForm" time="5.447"/>
  <system-out/>
  <testcase classname="com.cg.DataProviderAssignment" name="fillForm" time="6.398"/>
  <system-out/>
</testsuite> <!-- com.cg.DataProviderAssignment -->
