<?xml version="1.0" encoding="UTF-8"?>
<!-- Generated by org.testng.reporters.JUnitReportReporter -->
<testsuite hostname="LIN51016948" failures="0" tests="3" name="com.cg.tests.LoginPageTest" time="34.153" errors="0" timestamp="2022-05-31T12:36:08 IST" skipped="0">
  <testcase classname="com.cg.tests.LoginPageTest" name="validLoginPageTest" time="14.641"/>
  <system-out/>
  <testcase classname="com.cg.tests.LoginPageTest" name="forgotPasswordLinkTest" time="10.716"/>
  <system-out/>
  <testcase classname="com.cg.tests.LoginPageTest" name="loginTest" time="8.796"/>
  <system-out/>
</testsuite> <!-- com.cg.tests.LoginPageTest -->
