<?xml version="1.0" encoding="UTF-8"?>
<!-- Generated by org.testng.reporters.JUnitReportReporter -->
<testsuite hostname="LIN51016948" failures="0" tests="1" name="com.cg.tests.ForgotPasswordPageTest" time="13.479" errors="0" timestamp="2022-06-07T12:56:32 IST" skipped="0">
  <testcase classname="com.cg.tests.ForgotPasswordPageTest" name="resetPasswordTest" time="13.479"/>
  <system-out/>
</testsuite> <!-- com.cg.tests.ForgotPasswordPageTest -->
