<?xml version="1.0" encoding="UTF-8"?>
<!-- Generated by org.testng.reporters.JUnitReportReporter -->
<testsuite hostname="LIN51016948" failures="0" tests="6" name="com.cg.tests.HomePageTest" time="55.371" errors="0" timestamp="2022-06-07T12:24:48 IST" skipped="0">
  <testcase classname="com.cg.tests.HomePageTest" name="validateHomePageTest" time="8.722"/>
  <system-out/>
  <testcase classname="com.cg.tests.HomePageTest" name="CalendarLinkTest" time="9.170"/>
  <system-out/>
  <testcase classname="com.cg.tests.HomePageTest" name="ContactsLinkTest" time="9.236"/>
  <system-out/>
  <testcase classname="com.cg.tests.HomePageTest" name="DealsLinkTest" time="10.321"/>
  <system-out/>
  <testcase classname="com.cg.tests.HomePageTest" name="TasksLinkTest" time="9.669"/>
  <system-out/>
  <testcase classname="com.cg.tests.HomePageTest" name="userLabelTest" time="8.253"/>
  <system-out/>
</testsuite> <!-- com.cg.tests.HomePageTest -->
